{"message":"test","level":"info"}
{"message":"test","level":"info"}
{"message":"test","level":"info"}
{"message":"test","level":"info"}
{"message":"test","level":"info"}
{"message":"after connection","level":"info"}
{"message":"test","level":"info"}
{"message":"after connection","level":"info"}
{"message":"Connected","level":"info"}
{"message":"Logged in as: ","level":"info"}
{"message":"Lootbot - (497143873299021824)","level":"info"}
{"message":"test","level":"info"}
{"message":"after connection","level":"info"}
{"message":"Connected","level":"info"}
{"message":"Logged in as: ","level":"info"}
{"message":"Lootbot - (497143873299021824)","level":"info"}
{"message":"test","level":"info"}
{"message":"after connection","level":"info"}
{"message":"Connected","level":"info"}
{"message":"Logged in as: ","level":"info"}
{"message":"Lootbot - (497143873299021824)","level":"info"}
{"message":"test","level":"info"}
{"message":"after connection","level":"info"}
{"message":"Connected","level":"info"}
{"message":"Logged in as: ","level":"info"}
{"message":"Lootbot - (497143873299021824)","level":"info"}
{"message":"test","level":"info"}
{"message":"after connection","level":"info"}
{"message":"Connected","level":"info"}
{"message":"Logged in as: ","level":"info"}
{"message":"Lootbot - (497143873299021824)","level":"info"}
{"message":"test","level":"info"}
{"message":"after connection","level":"info"}
{"message":"Connected","level":"info"}
{"message":"Logged in as: ","level":"info"}
{"message":"Lootbot - (497143873299021824)","level":"info"}
{"message":"test","level":"info"}
{"message":"after connection","level":"info"}
{"message":"Connected","level":"info"}
{"message":"Logged in as: ","level":"info"}
{"message":"Lootbot - (497143873299021824)","level":"info"}
{"message":"test","level":"info"}
{"message":"after connection","level":"info"}
{"message":"Connected","level":"info"}
{"message":"Logged in as: ","level":"info"}
{"message":"Lootbot - (497143873299021824)","level":"info"}
{"message":"test","level":"info"}
{"message":"after connection","level":"info"}
{"message":"Connected","level":"info"}
{"message":"Logged in as: ","level":"info"}
{"message":"Lootbot - (497143873299021824)","level":"info"}
{"message":"test","level":"info"}
{"message":"after connection","level":"info"}
{"message":"Connected","level":"info"}
{"message":"Logged in as: ","level":"info"}
{"message":"Lootbot - (497143873299021824)","level":"info"}
{"message":"test","level":"info"}
{"message":"after connection","level":"info"}
{"message":"Connected","level":"info"}
{"message":"Logged in as: ","level":"info"}
{"message":"Lootbot - (497143873299021824)","level":"info"}
{"message":"test","level":"info"}
{"message":"after connection","level":"info"}
{"message":"Connected","level":"info"}
{"message":"Logged in as: ","level":"info"}
{"message":"Lootbot - (497143873299021824)","level":"info"}
{"message":"test","level":"info"}
{"message":"after connection","level":"info"}
{"message":"Connected","level":"info"}
{"message":"Logged in as: ","level":"info"}
{"message":"Lootbot - (497143873299021824)","level":"info"}
{"message":"test","level":"info"}
{"message":"after connection","level":"info"}
{"message":"Connected","level":"info"}
{"message":"Logged in as: ","level":"info"}
{"message":"Lootbot - (497143873299021824)","level":"info"}
{"message":"test","level":"info"}
{"message":"after connection","level":"info"}
{"message":"Connected","level":"info"}
{"message":"Logged in as: ","level":"info"}
{"message":"Lootbot - (497143873299021824)","level":"info"}
{"message":"test","level":"info"}
{"message":"after connection","level":"info"}
{"message":"Connected","level":"info"}
{"message":"Logged in as: ","level":"info"}
{"message":"Lootbot - (497143873299021824)","level":"info"}
{"message":"test","level":"info"}
{"message":"after connection","level":"info"}
{"message":"Connected","level":"info"}
{"message":"Logged in as: ","level":"info"}
{"message":"Lootbot - (497143873299021824)","level":"info"}
{"message":"test","level":"info"}
{"message":"after connection","level":"info"}
{"message":"Connected","level":"info"}
{"message":"Logged in as: ","level":"info"}
{"message":"Lootbot - (497143873299021824)","level":"info"}
{"message":"test","level":"info"}
{"message":"after connection","level":"info"}
{"message":"Connected","level":"info"}
{"message":"Logged in as: ","level":"info"}
{"message":"Lootbot - (497143873299021824)","level":"info"}
